[+] Disabling address space randomization
Filesystem      Size  Used Avail Use% Mounted on
/dev/nvme1n1     30G  913M   30G   3% /media/nvme
[+] Starting Filebench workload: /home/kjh/test_sh/5m_fileserver.f
Filebench Version 1.5-alpha3
0.000: Allocated 177MB of shared memory
0.005: File-server Version 3.0 personality successfully loaded
0.005: Populating and pre-allocating filesets
0.046: bigfileset populated: 80000 files, avg. dir. width = 20, avg. dir. depth = 3.8, 0 leafdirs, 20039.178MB total size
0.046: Removing bigfileset tree (if exists)
0.047: Pre-allocating directories in bigfileset tree
0.082: Pre-allocating files in bigfileset tree
133.544: Waiting for pre-allocation to finish (in case of a parallel pre-allocation)
133.544: Population and pre-allocation of filesets completed
133.545: Starting 1 filereader instances
134.551: Running...
434.581: Run took 300 seconds...
434.599: Per-Operation Breakdown
statfile1            78484ops      262ops/s   0.0mb/s    0.014ms/op [0.001ms - 11.412ms]
deletefile1          78462ops      262ops/s   0.0mb/s   37.297ms/op [0.011ms - 14592.707ms]
closefile3           78484ops      262ops/s   0.0mb/s    0.005ms/op [0.001ms - 3.264ms]
readfile1            78484ops      262ops/s  66.8mb/s    0.137ms/op [0.003ms - 11.927ms]
openfile2            78484ops      262ops/s   0.0mb/s    0.030ms/op [0.002ms - 23.545ms]
closefile2           78484ops      262ops/s   0.0mb/s    0.006ms/op [0.001ms - 3.641ms]
appendfilerand1      78485ops      262ops/s   2.0mb/s    9.370ms/op [0.000ms - 9342.388ms]
openfile1            78488ops      262ops/s   0.0mb/s    0.037ms/op [0.003ms - 16.214ms]
closefile1           78488ops      262ops/s   0.0mb/s    0.011ms/op [0.001ms - 11.854ms]
wrtfile1             78489ops      262ops/s  67.5mb/s  138.991ms/op [0.005ms - 7367.653ms]
createfile1          78534ops      262ops/s   0.0mb/s    4.700ms/op [0.009ms - 14646.540ms]
434.599: IO Summary: 863366 ops 2877.628 ops/s 262/523 rd/wr 136.4mb/s 17.326ms/op
434.599: Shutting down processes
[+] Waiting 3 seconds before NVMe read...
[+] Reading NVMe info (after Filebench)
[+] All steps completed successfully
